2025-11-14 19:06:51,600 - INFO - ╔═══════════════════════════════════════════════════════════════════════════╗
2025-11-14 19:06:51,600 - INFO - ║ ТЕСТОВЫЙ РЕЖИМ: Обработка только одной записи (#0)                    ║
2025-11-14 19:06:51,600 - INFO - ╠═══════════════════════════════════════════════════════════════════════════╣
2025-11-14 19:06:51,601 - INFO - ║ Директория: Product_Review_2025/39. Product Review 16 Oct                ║
2025-11-14 19:06:51,601 - INFO - ║ URL: https://route4me.zoom.us/rec/share/fU6fsyDxbyAaIVaBEuU7mz5ya ║
2025-11-14 19:06:51,601 - INFO - ╚═══════════════════════════════════════════════════════════════════════════╝
2025-11-14 19:06:51,913 - INFO - ================================================================================
2025-11-14 19:06:51,914 - INFO - ДИРЕКТОРИЯ СОХРАНЕНИЯ: /home/vadim/Projects/route4me.com/turboscribe/Product_Review_2025/39. Product Review 16 Oct
2025-11-14 19:06:51,914 - INFO - ================================================================================
2025-11-14 19:06:52,798 - INFO - Открываю URL: https://route4me.zoom.us/rec/share/fU6fsyDxbyAaIVaBEuU7mz5yaM1NkUZ2H_IOXNKuN6eXLvE-ON6-2XUerugaXEPj.hRwvJlpoZ9iylHmt
2025-11-14 19:06:58,118 - INFO - Ожидаю поле для ввода пароля...
2025-11-14 19:06:58,157 - INFO - Ввожу пароль...
2025-11-14 19:06:58,188 - INFO - Нажимаю кнопку 'Watch Recording'...
2025-11-14 19:06:58,270 - INFO - Ожидаю загрузки страницы с записью...
2025-11-14 19:06:58,277 - INFO - Ищу ссылку 'Download'...
2025-11-14 19:06:58,337 - ERROR - Не найдена ссылка для скачивания на странице: https://route4me.zoom.us/rec/share/fU6fsyDxbyAaIVaBEuU7mz5yaM1NkUZ2H_IOXNKuN6eXLvE-ON6-2XUerugaXEPj.hRwvJlpoZ9iylHmt
2025-11-14 19:07:28,867 - INFO - 
=== ИТОГИ ===
2025-11-14 19:07:28,867 - INFO - Успешно: 0
2025-11-14 19:07:28,867 - INFO - Ошибок: 1
2025-11-14 19:07:28,868 - INFO - Всего: 1
2025-11-14 19:26:50,664 - INFO - ╔═══════════════════════════════════════════════════════════════════════════╗
2025-11-14 19:26:50,665 - INFO - ║ ТЕСТОВЫЙ РЕЖИМ: Обработка только одной записи (#0)                    ║
2025-11-14 19:26:50,665 - INFO - ╠═══════════════════════════════════════════════════════════════════════════╣
2025-11-14 19:26:50,666 - INFO - ║ Директория: Product_Review_2025/39. Product Review 16 Oct                ║
2025-11-14 19:26:50,666 - INFO - ║ URL: https://route4me.zoom.us/rec/share/fU6fsyDxbyAaIVaBEuU7mz5ya ║
2025-11-14 19:26:50,666 - INFO - ╚═══════════════════════════════════════════════════════════════════════════╝
2025-11-14 19:26:51,305 - INFO - ================================================================================
2025-11-14 19:26:51,305 - INFO - ДИРЕКТОРИЯ СОХРАНЕНИЯ: /home/vadim/Projects/route4me.com/turboscribe/Product_Review_2025/39. Product Review 16 Oct
2025-11-14 19:26:51,305 - INFO - ================================================================================
2025-11-14 19:27:00,834 - INFO - Открываю URL: https://route4me.zoom.us/rec/share/fU6fsyDxbyAaIVaBEuU7mz5yaM1NkUZ2H_IOXNKuN6eXLvE-ON6-2XUerugaXEPj.hRwvJlpoZ9iylHmt
2025-11-14 19:27:06,164 - INFO - Ожидаю поле для ввода пароля...
2025-11-14 19:27:06,205 - INFO - Ввожу пароль...
2025-11-14 19:27:06,229 - INFO - Нажимаю кнопку 'Watch Recording'...
2025-11-14 19:27:06,290 - INFO - Ожидаю загрузки страницы с записью (после редиректов)...
2025-11-14 19:27:17,231 - INFO - Проверяю наличие cookie баннера...
2025-11-14 19:27:17,250 - INFO - Найдена кнопка cookies: button:has-text("Accept Cookies")
2025-11-14 19:27:17,313 - INFO - Cookies приняты
2025-11-14 19:27:19,315 - INFO - Ищу ссылку 'Download'...
2025-11-14 19:27:22,328 - INFO - Найдено 5 элементов по селектору: a:has-text("Download")
2025-11-14 19:27:22,337 - INFO -   Элемент 0: ''
2025-11-14 19:27:22,349 - INFO -   Элемент 1: ''
2025-11-14 19:27:22,358 - INFO -   Элемент 2: ''
2025-11-14 19:27:22,377 - INFO -   Элемент 3: ' Download (3 files) '
2025-11-14 19:27:22,384 - INFO - ✓ Выбран элемент: ' Download (3 files) '
2025-11-14 19:27:22,385 - INFO - ✓ Найдена ссылка для скачивания (селектор: a:has-text("Download"))
2025-11-14 19:27:22,385 - INFO - Начинаю скачивание (ожидаю 3 файла)...
2025-11-14 19:27:22,385 - INFO - ================================================================================
2025-11-14 19:27:22,385 - INFO - SLUG ДЛЯ ФАЙЛОВ: 39-product-review-16-oct
2025-11-14 19:27:22,385 - INFO - ОЖИДАЕМЫЕ ИМЕНА ФАЙЛОВ:
2025-11-14 19:27:22,385 - INFO -   1. 39-product-review-16-oct-transcript.vtt
2025-11-14 19:27:22,385 - INFO -   2. 39-product-review-16-oct-video.mp4
2025-11-14 19:27:22,385 - INFO -   3. 39-product-review-16-oct-audio.mp4
2025-11-14 19:27:22,385 - INFO - ================================================================================
2025-11-14 19:27:22,434 - INFO - Ожидаю начала всех загрузок...
2025-11-14 19:27:22,434 - INFO - ✓ Успешно скачано файлов: 0/3
2025-11-14 19:27:22,434 - ERROR - Не удалось скачать ни одного файла
2025-11-14 19:27:22,569 - INFO - 
=== ИТОГИ ===
2025-11-14 19:27:22,569 - INFO - Успешно: 0
2025-11-14 19:27:22,570 - INFO - Ошибок: 1
2025-11-14 19:27:22,570 - INFO - Всего: 1
2025-11-14 19:27:22,588 - ERROR - Future exception was never retrieved
future: <Future finished exception=Error('Target page, context or browser has been closed\n=========================== logs ===========================\nwaiting for event "download"\n============================================================')>
playwright._impl._errors.Error: Target page, context or browser has been closed
=========================== logs ===========================
waiting for event "download"
============================================================
2025-11-14 19:27:22,589 - ERROR - Future exception was never retrieved
future: <Future finished exception=Error('Target page, context or browser has been closed\n=========================== logs ===========================\nwaiting for event "download"\n============================================================')>
playwright._impl._errors.Error: Target page, context or browser has been closed
=========================== logs ===========================
waiting for event "download"
============================================================
2025-11-14 19:27:22,589 - ERROR - Future exception was never retrieved
future: <Future finished exception=Error('Target page, context or browser has been closed\n=========================== logs ===========================\nwaiting for event "download"\n============================================================')>
playwright._impl._errors.Error: Target page, context or browser has been closed
=========================== logs ===========================
waiting for event "download"
============================================================
2025-11-14 19:27:44,367 - INFO - ╔═══════════════════════════════════════════════════════════════════════════╗
2025-11-14 19:27:44,367 - INFO - ║ ТЕСТОВЫЙ РЕЖИМ: Обработка только одной записи (#0)                    ║
2025-11-14 19:27:44,368 - INFO - ╠═══════════════════════════════════════════════════════════════════════════╣
2025-11-14 19:27:44,368 - INFO - ║ Директория: Product_Review_2025/39. Product Review 16 Oct                ║
2025-11-14 19:27:44,368 - INFO - ║ URL: https://route4me.zoom.us/rec/share/fU6fsyDxbyAaIVaBEuU7mz5ya ║
2025-11-14 19:27:44,368 - INFO - ╚═══════════════════════════════════════════════════════════════════════════╝
2025-11-14 19:27:44,874 - INFO - ================================================================================
2025-11-14 19:27:44,875 - INFO - ДИРЕКТОРИЯ СОХРАНЕНИЯ: /home/vadim/Projects/route4me.com/turboscribe/Product_Review_2025/39. Product Review 16 Oct
2025-11-14 19:27:44,875 - INFO - ================================================================================
2025-11-14 19:27:45,772 - INFO - Открываю URL: https://route4me.zoom.us/rec/share/fU6fsyDxbyAaIVaBEuU7mz5yaM1NkUZ2H_IOXNKuN6eXLvE-ON6-2XUerugaXEPj.hRwvJlpoZ9iylHmt
2025-11-14 19:27:51,238 - INFO - Ожидаю поле для ввода пароля...
2025-11-14 19:27:51,311 - INFO - Ввожу пароль...
2025-11-14 19:27:51,355 - INFO - Нажимаю кнопку 'Watch Recording'...
2025-11-14 19:27:51,435 - INFO - Ожидаю загрузки страницы с записью (после редиректов)...
2025-11-14 19:27:59,146 - INFO - Проверяю наличие cookie баннера...
2025-11-14 19:27:59,167 - INFO - Найдена кнопка cookies: button:has-text("Accept Cookies")
2025-11-14 19:27:59,234 - INFO - Cookies приняты
2025-11-14 19:28:01,236 - INFO - Ищу ссылку 'Download'...
2025-11-14 19:28:04,250 - INFO - Найдено 5 элементов по селектору: a:has-text("Download")
2025-11-14 19:28:04,260 - INFO -   Элемент 0: ''
2025-11-14 19:28:04,267 - INFO -   Элемент 1: ''
2025-11-14 19:28:04,275 - INFO -   Элемент 2: ''
2025-11-14 19:28:04,290 - INFO -   Элемент 3: ' Download (3 files) '
2025-11-14 19:28:04,299 - INFO - ✓ Выбран элемент: ' Download (3 files) '
2025-11-14 19:28:04,299 - INFO - ✓ Найдена ссылка для скачивания (селектор: a:has-text("Download"))
2025-11-14 19:28:04,299 - INFO - Начинаю скачивание (ожидаю 3 файла)...
2025-11-14 19:28:04,300 - INFO - ================================================================================
2025-11-14 19:28:04,300 - INFO - SLUG ДЛЯ ФАЙЛОВ: 39-product-review-16-oct
2025-11-14 19:28:04,300 - INFO - ОЖИДАЕМЫЕ ИМЕНА ФАЙЛОВ:
2025-11-14 19:28:04,300 - INFO -   1. 39-product-review-16-oct-transcript.vtt
2025-11-14 19:28:04,300 - INFO -   2. 39-product-review-16-oct-video.mp4
2025-11-14 19:28:04,300 - INFO -   3. 39-product-review-16-oct-audio.mp4
2025-11-14 19:28:04,300 - INFO - ================================================================================
2025-11-14 19:28:04,300 - INFO - Подготавливаю ожидание загрузок...
2025-11-14 19:28:04,309 - INFO - Кликаю на ссылку Download...
2025-11-14 19:28:04,358 - INFO - Ожидаю начала всех загрузок...
2025-11-14 19:28:04,359 - ERROR - Ошибка при обработке https://route4me.zoom.us/rec/share/fU6fsyDxbyAaIVaBEuU7mz5yaM1NkUZ2H_IOXNKuN6eXLvE-ON6-2XUerugaXEPj.hRwvJlpoZ9iylHmt: An asyncio.Future, a coroutine or an awaitable is required
2025-11-14 19:28:04,510 - INFO - 
=== ИТОГИ ===
2025-11-14 19:28:04,510 - INFO - Успешно: 0
2025-11-14 19:28:04,510 - INFO - Ошибок: 1
2025-11-14 19:28:04,511 - INFO - Всего: 1
2025-11-14 19:28:04,533 - ERROR - Future exception was never retrieved
future: <Future finished exception=Error('Target page, context or browser has been closed\n=========================== logs ===========================\nwaiting for event "download"\n============================================================')>
playwright._impl._errors.Error: Target page, context or browser has been closed
=========================== logs ===========================
waiting for event "download"
============================================================
2025-11-14 19:28:04,533 - ERROR - Future exception was never retrieved
future: <Future finished exception=Error('Target page, context or browser has been closed\n=========================== logs ===========================\nwaiting for event "download"\n============================================================')>
playwright._impl._errors.Error: Target page, context or browser has been closed
=========================== logs ===========================
waiting for event "download"
============================================================
2025-11-14 19:28:04,534 - ERROR - Future exception was never retrieved
future: <Future finished exception=Error('Target page, context or browser has been closed\n=========================== logs ===========================\nwaiting for event "download"\n============================================================')>
playwright._impl._errors.Error: Target page, context or browser has been closed
=========================== logs ===========================
waiting for event "download"
============================================================
2025-11-14 19:28:23,415 - INFO - ╔═══════════════════════════════════════════════════════════════════════════╗
2025-11-14 19:28:23,415 - INFO - ║ ТЕСТОВЫЙ РЕЖИМ: Обработка только одной записи (#0)                    ║
2025-11-14 19:28:23,415 - INFO - ╠═══════════════════════════════════════════════════════════════════════════╣
2025-11-14 19:28:23,415 - INFO - ║ Директория: Product_Review_2025/39. Product Review 16 Oct                ║
2025-11-14 19:28:23,415 - INFO - ║ URL: https://route4me.zoom.us/rec/share/fU6fsyDxbyAaIVaBEuU7mz5ya ║
2025-11-14 19:28:23,415 - INFO - ╚═══════════════════════════════════════════════════════════════════════════╝
2025-11-14 19:28:23,968 - INFO - ================================================================================
2025-11-14 19:28:23,969 - INFO - ДИРЕКТОРИЯ СОХРАНЕНИЯ: /home/vadim/Projects/route4me.com/turboscribe/Product_Review_2025/39. Product Review 16 Oct
2025-11-14 19:28:23,969 - INFO - ================================================================================
2025-11-14 19:28:24,925 - INFO - Открываю URL: https://route4me.zoom.us/rec/share/fU6fsyDxbyAaIVaBEuU7mz5yaM1NkUZ2H_IOXNKuN6eXLvE-ON6-2XUerugaXEPj.hRwvJlpoZ9iylHmt
2025-11-14 19:28:30,193 - INFO - Ожидаю поле для ввода пароля...
2025-11-14 19:28:30,228 - INFO - Ввожу пароль...
2025-11-14 19:28:30,243 - INFO - Нажимаю кнопку 'Watch Recording'...
2025-11-14 19:28:30,300 - INFO - Ожидаю загрузки страницы с записью (после редиректов)...
2025-11-14 19:28:37,546 - INFO - Проверяю наличие cookie баннера...
2025-11-14 19:28:37,562 - INFO - Найдена кнопка cookies: button:has-text("Accept Cookies")
2025-11-14 19:28:37,610 - INFO - Cookies приняты
2025-11-14 19:28:39,612 - INFO - Ищу ссылку 'Download'...
2025-11-14 19:28:42,633 - ERROR - Не найдена ссылка для скачивания на странице: https://route4me.zoom.us/rec/share/fU6fsyDxbyAaIVaBEuU7mz5yaM1NkUZ2H_IOXNKuN6eXLvE-ON6-2XUerugaXEPj.hRwvJlpoZ9iylHmt
2025-11-14 19:28:42,633 - ERROR - Текущий URL: https://route4me.zoom.us/rec/play/U7Vk1pCGAcZaNPCsXEizc9P7WAqolrHVfXjVO2c4ehOAwkjf4FoynKAANlHYE8MI-5dg_XMfRV4h5zt1.6jsBaF5GlF4EFbJQ?eagerLoadZvaPages=&isReferralProgramEnabled=false&isReferralProgramAvailable=false&accessLevel=meeting&canPlayFromShare=true&from=share_recording_detail&continueMode=true&componentName=rec-play&originRequestUrl=https%3A%2F%2Froute4me.zoom.us%2Frec%2Fshare%2FfU6fsyDxbyAaIVaBEuU7mz5yaM1NkUZ2H_IOXNKuN6eXLvE-ON6-2XUerugaXEPj.hRwvJlpoZ9iylHmt
2025-11-14 19:28:42,642 - ERROR - Ошибка при обработке https://route4me.zoom.us/rec/share/fU6fsyDxbyAaIVaBEuU7mz5yaM1NkUZ2H_IOXNKuN6eXLvE-ON6-2XUerugaXEPj.hRwvJlpoZ9iylHmt: Page.screenshot: Target page, context or browser has been closed
2025-11-14 19:28:42,716 - INFO - 
=== ИТОГИ ===
2025-11-14 19:28:42,716 - INFO - Успешно: 0
2025-11-14 19:28:42,716 - INFO - Ошибок: 1
2025-11-14 19:28:42,716 - INFO - Всего: 1
